<?xml version="1.0" encoding="UTF-8"?>
<coverage generated="1772202065787" clover="3.2.0">
  <project timestamp="1772202065787" name="All files">
    <metrics statements="40" coveredstatements="37" conditionals="41" coveredconditionals="31" methods="14" coveredmethods="14" elements="95" coveredelements="82" complexity="0" loc="40" ncloc="40" packages="3" files="5" classes="5"/>
    <package name="components">
      <metrics statements="17" coveredstatements="17" conditionals="26" coveredconditionals="20" methods="6" coveredmethods="6"/>
      <file name="Hero.jsx" path="C:\Users\18172\Desktop\personalwebsite\my-website\src\components\Hero.jsx">
        <metrics statements="3" coveredstatements="3" conditionals="6" coveredconditionals="3" methods="1" coveredmethods="1"/>
        <line num="6" count="1" type="stmt"/>
        <line num="7" count="1" type="cond" truecount="1" falsecount="1"/>
        <line num="9" count="1" type="stmt"/>
      </file>
      <file name="Navbar.jsx" path="C:\Users\18172\Desktop\personalwebsite\my-website\src\components\Navbar.jsx">
        <metrics statements="11" coveredstatements="11" conditionals="12" coveredconditionals="11" methods="3" coveredmethods="3"/>
        <line num="7" count="4" type="stmt"/>
        <line num="8" count="4" type="stmt"/>
        <line num="10" count="4" type="stmt"/>
        <line num="11" count="2" type="cond" truecount="4" falsecount="0"/>
        <line num="12" count="1" type="stmt"/>
        <line num="15" count="1" type="stmt"/>
        <line num="16" count="1" type="stmt"/>
        <line num="17" count="1" type="stmt"/>
        <line num="18" count="1" type="cond" truecount="1" falsecount="1"/>
        <line num="19" count="1" type="stmt"/>
        <line num="24" count="4" type="stmt"/>
      </file>
      <file name="ProjectCard.jsx" path="C:\Users\18172\Desktop\personalwebsite\my-website\src\components\ProjectCard.jsx">
        <metrics statements="3" coveredstatements="3" conditionals="8" coveredconditionals="6" methods="2" coveredmethods="2"/>
        <line num="6" count="1" type="stmt"/>
        <line num="8" count="1" type="stmt"/>
        <line num="19" count="2" type="stmt"/>
      </file>
    </package>
    <package name="context">
      <metrics statements="21" coveredstatements="18" conditionals="12" coveredconditionals="8" methods="6" coveredmethods="6"/>
      <file name="ThemeContext.jsx" path="C:\Users\18172\Desktop\personalwebsite\my-website\src\context\ThemeContext.jsx">
        <metrics statements="21" coveredstatements="18" conditionals="12" coveredconditionals="8" methods="6" coveredmethods="6"/>
        <line num="3" count="3" type="stmt"/>
        <line num="7" count="6" type="stmt"/>
        <line num="10" count="6" type="stmt"/>
        <line num="11" count="4" type="cond" truecount="1" falsecount="1"/>
        <line num="12" count="0" type="stmt"/>
        <line num="15" count="4" type="stmt"/>
        <line num="16" count="4" type="cond" truecount="4" falsecount="0"/>
        <line num="17" count="1" type="stmt"/>
        <line num="22" count="6" type="stmt"/>
        <line num="23" count="6" type="cond" truecount="1" falsecount="1"/>
        <line num="24" count="0" type="stmt"/>
        <line num="27" count="6" type="stmt"/>
        <line num="28" count="6" type="stmt"/>
        <line num="31" count="6" type="stmt"/>
        <line num="32" count="1" type="cond" truecount="1" falsecount="1"/>
        <line num="35" count="6" type="stmt"/>
        <line num="41" count="6" type="stmt"/>
        <line num="48" count="6" type="stmt"/>
        <line num="49" count="6" type="cond" truecount="1" falsecount="1"/>
        <line num="50" count="0" type="stmt"/>
        <line num="52" count="6" type="stmt"/>
      </file>
    </package>
    <package name="utils">
      <metrics statements="2" coveredstatements="2" conditionals="3" coveredconditionals="3" methods="2" coveredmethods="2"/>
      <file name="styles.js" path="C:\Users\18172\Desktop\personalwebsite\my-website\src\utils\styles.js">
        <metrics statements="2" coveredstatements="2" conditionals="3" coveredconditionals="3" methods="2" coveredmethods="2"/>
        <line num="7" count="25" type="stmt"/>
        <line num="16" count="6" type="cond" truecount="2" falsecount="0"/>
      </file>
    </package>
  </project>
</coverage>
