{"C:\\Users\\18172\\Desktop\\personalwebsite\\my-website\\src\\components\\Hero.jsx": {"path":"C:\\Users\\18172\\Desktop\\personalwebsite\\my-website\\src\\components\\Hero.jsx","statementMap":{"0":{"start":{"line":6,"column":21},"end":{"line":6,"column":31}},"1":{"start":{"line":7,"column":25},"end":{"line":7,"column":69}},"2":{"start":{"line":9,"column":2},"end":{"line":56,"column":4}}},"fnMap":{"0":{"name":"Hero","decl":{"start":{"line":5,"column":9},"end":{"line":5,"column":13}},"loc":{"start":{"line":5,"column":16},"end":{"line":57,"column":1}},"line":5}},"branchMap":{"0":{"loc":{"start":{"line":7,"column":25},"end":{"line":7,"column":69}},"type":"cond-expr","locations":[{"start":{"line":7,"column":34},"end":{"line":7,"column":50}},{"start":{"line":7,"column":53},"end":{"line":7,"column":69}}],"line":7},"1":{"loc":{"start":{"line":29,"column":14},"end":{"line":29,"column":108}},"type":"cond-expr","locations":[{"start":{"line":29,"column":23},"end":{"line":29,"column":64}},{"start":{"line":29,"column":67},"end":{"line":29,"column":108}}],"line":29},"2":{"loc":{"start":{"line":37,"column":14},"end":{"line":37,"column":108}},"type":"cond-expr","locations":[{"start":{"line":37,"column":23},"end":{"line":37,"column":64}},{"start":{"line":37,"column":67},"end":{"line":37,"column":108}}],"line":37}},"s":{"0":1,"1":1,"2":1},"f":{"0":1},"b":{"0":[1,0],"1":[1,0],"2":[1,0]},"_coverageSchema":"1a1c01bbd47fc00a2c39e90264f33305004495a9","hash":"c8dc346e714fa1f623e9bac3f1ba9bfbe03285e5"}
,"C:\\Users\\18172\\Desktop\\personalwebsite\\my-website\\src\\components\\Navbar.jsx": {"path":"C:\\Users\\18172\\Desktop\\personalwebsite\\my-website\\src\\components\\Navbar.jsx","statementMap":{"0":{"start":{"line":7,"column":19},"end":{"line":7,"column":32}},"1":{"start":{"line":8,"column":34},"end":{"line":8,"column":44}},"2":{"start":{"line":10,"column":2},"end":{"line":22,"column":41}},"3":{"start":{"line":11,"column":4},"end":{"line":13,"column":5}},"4":{"start":{"line":12,"column":6},"end":{"line":12,"column":13}},"5":{"start":{"line":15,"column":17},"end":{"line":15,"column":50}},"6":{"start":{"line":16,"column":4},"end":{"line":21,"column":7}},"7":{"start":{"line":17,"column":22},"end":{"line":17,"column":50}},"8":{"start":{"line":18,"column":6},"end":{"line":20,"column":7}},"9":{"start":{"line":19,"column":8},"end":{"line":19,"column":71}},"10":{"start":{"line":24,"column":2},"end":{"line":53,"column":4}}},"fnMap":{"0":{"name":"Navbar","decl":{"start":{"line":6,"column":9},"end":{"line":6,"column":15}},"loc":{"start":{"line":6,"column":18},"end":{"line":54,"column":1}},"line":6},"1":{"name":"(anonymous_1)","decl":{"start":{"line":10,"column":12},"end":{"line":10,"column":13}},"loc":{"start":{"line":10,"column":18},"end":{"line":22,"column":3}},"line":10},"2":{"name":"(anonymous_2)","decl":{"start":{"line":16,"column":26},"end":{"line":16,"column":27}},"loc":{"start":{"line":16,"column":32},"end":{"line":21,"column":5}},"line":16}},"branchMap":{"0":{"loc":{"start":{"line":11,"column":4},"end":{"line":13,"column":5}},"type":"if","locations":[{"start":{"line":11,"column":4},"end":{"line":13,"column":5}},{"start":{},"end":{}}],"line":11},"1":{"loc":{"start":{"line":11,"column":8},"end":{"line":11,"column":51}},"type":"binary-expr","locations":[{"start":{"line":11,"column":8},"end":{"line":11,"column":22}},{"start":{"line":11,"column":26},"end":{"line":11,"column":51}}],"line":11},"2":{"loc":{"start":{"line":18,"column":6},"end":{"line":20,"column":7}},"type":"if","locations":[{"start":{"line":18,"column":6},"end":{"line":20,"column":7}},{"start":{},"end":{}}],"line":18},"3":{"loc":{"start":{"line":27,"column":8},"end":{"line":27,"column":55}},"type":"cond-expr","locations":[{"start":{"line":27,"column":17},"end":{"line":27,"column":34}},{"start":{"line":27,"column":37},"end":{"line":27,"column":55}}],"line":27},"4":{"loc":{"start":{"line":42,"column":12},"end":{"line":44,"column":72}},"type":"cond-expr","locations":[{"start":{"line":43,"column":16},"end":{"line":43,"column":68}},{"start":{"line":44,"column":16},"end":{"line":44,"column":72}}],"line":42},"5":{"loc":{"start":{"line":49,"column":11},"end":{"line":49,"column":57}},"type":"cond-expr","locations":[{"start":{"line":49,"column":20},"end":{"line":49,"column":37}},{"start":{"line":49,"column":40},"end":{"line":49,"column":57}}],"line":49}},"s":{"0":4,"1":4,"2":4,"3":2,"4":1,"5":1,"6":1,"7":1,"8":1,"9":1,"10":4},"f":{"0":4,"1":2,"2":1},"b":{"0":[1,1],"1":[2,1],"2":[1,0],"3":[2,2],"4":[2,2],"5":[2,2]},"_coverageSchema":"1a1c01bbd47fc00a2c39e90264f33305004495a9","hash":"929c80401d0f59627fa9ec1c64a32b43818fc85b"}
,"C:\\Users\\18172\\Desktop\\personalwebsite\\my-website\\src\\components\\ProjectCard.jsx": {"path":"C:\\Users\\18172\\Desktop\\personalwebsite\\my-website\\src\\components\\ProjectCard.jsx","statementMap":{"0":{"start":{"line":6,"column":21},"end":{"line":6,"column":31}},"1":{"start":{"line":8,"column":2},"end":{"line":55,"column":4}},"2":{"start":{"line":19,"column":10},"end":{"line":28,"column":17}}},"fnMap":{"0":{"name":"ProjectCard","decl":{"start":{"line":5,"column":9},"end":{"line":5,"column":20}},"loc":{"start":{"line":5,"column":34},"end":{"line":56,"column":1}},"line":5},"1":{"name":"(anonymous_1)","decl":{"start":{"line":18,"column":26},"end":{"line":18,"column":27}},"loc":{"start":{"line":19,"column":10},"end":{"line":28,"column":17}},"line":19}},"branchMap":{"0":{"loc":{"start":{"line":10,"column":63},"end":{"line":10,"column":110}},"type":"cond-expr","locations":[{"start":{"line":10,"column":72},"end":{"line":10,"column":89}},{"start":{"line":10,"column":92},"end":{"line":10,"column":110}}],"line":10},"1":{"loc":{"start":{"line":22,"column":14},"end":{"line":24,"column":47}},"type":"cond-expr","locations":[{"start":{"line":23,"column":18},"end":{"line":23,"column":52}},{"start":{"line":24,"column":18},"end":{"line":24,"column":47}}],"line":22},"2":{"loc":{"start":{"line":33,"column":9},"end":{"line":42,"column":9}},"type":"binary-expr","locations":[{"start":{"line":33,"column":9},"end":{"line":33,"column":26}},{"start":{"line":34,"column":10},"end":{"line":41,"column":14}}],"line":33},"3":{"loc":{"start":{"line":43,"column":9},"end":{"line":52,"column":9}},"type":"binary-expr","locations":[{"start":{"line":43,"column":9},"end":{"line":43,"column":24}},{"start":{"line":44,"column":10},"end":{"line":51,"column":14}}],"line":43}},"s":{"0":1,"1":1,"2":2},"f":{"0":1,"1":2},"b":{"0":[1,0],"1":[2,0],"2":[1,1],"3":[1,1]},"_coverageSchema":"1a1c01bbd47fc00a2c39e90264f33305004495a9","hash":"b55897f386ed54fd3defdffc5672b1bc8807fbc4"}
,"C:\\Users\\18172\\Desktop\\personalwebsite\\my-website\\src\\context\\ThemeContext.jsx": {"path":"C:\\Users\\18172\\Desktop\\personalwebsite\\my-website\\src\\context\\ThemeContext.jsx","statementMap":{"0":{"start":{"line":3,"column":21},"end":{"line":3,"column":36}},"1":{"start":{"line":7,"column":28},"end":{"line":7,"column":44}},"2":{"start":{"line":10,"column":2},"end":{"line":19,"column":9}},"3":{"start":{"line":11,"column":4},"end":{"line":13,"column":5}},"4":{"start":{"line":12,"column":6},"end":{"line":12,"column":13}},"5":{"start":{"line":15,"column":23},"end":{"line":15,"column":59}},"6":{"start":{"line":16,"column":4},"end":{"line":18,"column":5}},"7":{"start":{"line":17,"column":6},"end":{"line":17,"column":27}},"8":{"start":{"line":22,"column":2},"end":{"line":29,"column":14}},"9":{"start":{"line":23,"column":4},"end":{"line":25,"column":5}},"10":{"start":{"line":24,"column":6},"end":{"line":24,"column":13}},"11":{"start":{"line":27,"column":4},"end":{"line":27,"column":48}},"12":{"start":{"line":28,"column":4},"end":{"line":28,"column":63}},"13":{"start":{"line":31,"column":22},"end":{"line":33,"column":3}},"14":{"start":{"line":32,"column":4},"end":{"line":32,"column":71}},"15":{"start":{"line":32,"column":29},"end":{"line":32,"column":68}},"16":{"start":{"line":35,"column":16},"end":{"line":39,"column":3}},"17":{"start":{"line":41,"column":2},"end":{"line":43,"column":4}},"18":{"start":{"line":48,"column":18},"end":{"line":48,"column":42}},"19":{"start":{"line":49,"column":2},"end":{"line":51,"column":3}},"20":{"start":{"line":50,"column":4},"end":{"line":50,"column":68}},"21":{"start":{"line":52,"column":2},"end":{"line":52,"column":17}}},"fnMap":{"0":{"name":"ThemeProvider","decl":{"start":{"line":5,"column":16},"end":{"line":5,"column":29}},"loc":{"start":{"line":5,"column":44},"end":{"line":44,"column":1}},"line":5},"1":{"name":"(anonymous_1)","decl":{"start":{"line":10,"column":12},"end":{"line":10,"column":13}},"loc":{"start":{"line":10,"column":18},"end":{"line":19,"column":3}},"line":10},"2":{"name":"(anonymous_2)","decl":{"start":{"line":22,"column":12},"end":{"line":22,"column":13}},"loc":{"start":{"line":22,"column":18},"end":{"line":29,"column":3}},"line":22},"3":{"name":"(anonymous_3)","decl":{"start":{"line":31,"column":22},"end":{"line":31,"column":23}},"loc":{"start":{"line":31,"column":28},"end":{"line":33,"column":3}},"line":31},"4":{"name":"(anonymous_4)","decl":{"start":{"line":32,"column":13},"end":{"line":32,"column":14}},"loc":{"start":{"line":32,"column":29},"end":{"line":32,"column":68}},"line":32},"5":{"name":"useTheme","decl":{"start":{"line":47,"column":16},"end":{"line":47,"column":24}},"loc":{"start":{"line":47,"column":27},"end":{"line":53,"column":1}},"line":47}},"branchMap":{"0":{"loc":{"start":{"line":11,"column":4},"end":{"line":13,"column":5}},"type":"if","locations":[{"start":{"line":11,"column":4},"end":{"line":13,"column":5}},{"start":{},"end":{}}],"line":11},"1":{"loc":{"start":{"line":16,"column":4},"end":{"line":18,"column":5}},"type":"if","locations":[{"start":{"line":16,"column":4},"end":{"line":18,"column":5}},{"start":{},"end":{}}],"line":16},"2":{"loc":{"start":{"line":16,"column":8},"end":{"line":16,"column":55}},"type":"binary-expr","locations":[{"start":{"line":16,"column":8},"end":{"line":16,"column":30}},{"start":{"line":16,"column":34},"end":{"line":16,"column":55}}],"line":16},"3":{"loc":{"start":{"line":23,"column":4},"end":{"line":25,"column":5}},"type":"if","locations":[{"start":{"line":23,"column":4},"end":{"line":25,"column":5}},{"start":{},"end":{}}],"line":23},"4":{"loc":{"start":{"line":32,"column":29},"end":{"line":32,"column":68}},"type":"cond-expr","locations":[{"start":{"line":32,"column":52},"end":{"line":32,"column":59}},{"start":{"line":32,"column":62},"end":{"line":32,"column":68}}],"line":32},"5":{"loc":{"start":{"line":49,"column":2},"end":{"line":51,"column":3}},"type":"if","locations":[{"start":{"line":49,"column":2},"end":{"line":51,"column":3}},{"start":{},"end":{}}],"line":49}},"s":{"0":3,"1":6,"2":6,"3":4,"4":0,"5":4,"6":4,"7":1,"8":6,"9":6,"10":0,"11":6,"12":6,"13":6,"14":1,"15":1,"16":6,"17":6,"18":6,"19":6,"20":0,"21":6},"f":{"0":6,"1":4,"2":6,"3":1,"4":1,"5":6},"b":{"0":[0,4],"1":[1,3],"2":[4,3],"3":[0,6],"4":[1,0],"5":[0,6]},"_coverageSchema":"1a1c01bbd47fc00a2c39e90264f33305004495a9","hash":"4cf5e611baae5275176e68bcf042f6527138a3f6"}
,"C:\\Users\\18172\\Desktop\\personalwebsite\\my-website\\src\\utils\\styles.js": {"path":"C:\\Users\\18172\\Desktop\\personalwebsite\\my-website\\src\\utils\\styles.js","statementMap":{"0":{"start":{"line":7,"column":2},"end":{"line":7,"column":119}},"1":{"start":{"line":16,"column":2},"end":{"line":16,"column":60}}},"fnMap":{"0":{"name":"focusClasses","decl":{"start":{"line":6,"column":16},"end":{"line":6,"column":28}},"loc":{"start":{"line":6,"column":51},"end":{"line":8,"column":1}},"line":6},"1":{"name":"themeFocusClasses","decl":{"start":{"line":15,"column":16},"end":{"line":15,"column":33}},"loc":{"start":{"line":15,"column":42},"end":{"line":17,"column":1}},"line":15}},"branchMap":{"0":{"loc":{"start":{"line":6,"column":29},"end":{"line":6,"column":49}},"type":"default-arg","locations":[{"start":{"line":6,"column":37},"end":{"line":6,"column":49}}],"line":6},"1":{"loc":{"start":{"line":16,"column":22},"end":{"line":16,"column":58}},"type":"cond-expr","locations":[{"start":{"line":16,"column":31},"end":{"line":16,"column":43}},{"start":{"line":16,"column":46},"end":{"line":16,"column":58}}],"line":16}},"s":{"0":25,"1":6},"f":{"0":25,"1":6},"b":{"0":[18],"1":[4,2]},"_coverageSchema":"1a1c01bbd47fc00a2c39e90264f33305004495a9","hash":"f1b4050121a255159cdb2e97220413348c4460b4"}
}
