TN:
SF:src\components\Hero.jsx
FN:5,Hero
FNF:1
FNH:1
FNDA:1,Hero
DA:6,1
DA:7,1
DA:9,1
LF:3
LH:3
BRDA:7,0,0,1
BRDA:7,0,1,0
BRDA:29,1,0,1
BRDA:29,1,1,0
BRDA:37,2,0,1
BRDA:37,2,1,0
BRF:6
BRH:3
end_of_record
TN:
SF:src\components\Navbar.jsx
FN:6,Navbar
FN:10,(anonymous_1)
FN:16,(anonymous_2)
FNF:3
FNH:3
FNDA:4,Navbar
FNDA:2,(anonymous_1)
FNDA:1,(anonymous_2)
DA:7,4
DA:8,4
DA:10,4
DA:11,2
DA:12,1
DA:15,1
DA:16,1
DA:17,1
DA:18,1
DA:19,1
DA:24,4
LF:11
LH:11
BRDA:11,0,0,1
BRDA:11,0,1,1
BRDA:11,1,0,2
BRDA:11,1,1,1
BRDA:18,2,0,1
BRDA:18,2,1,0
BRDA:27,3,0,2
BRDA:27,3,1,2
BRDA:42,4,0,2
BRDA:42,4,1,2
BRDA:49,5,0,2
BRDA:49,5,1,2
BRF:12
BRH:11
end_of_record
TN:
SF:src\components\ProjectCard.jsx
FN:5,ProjectCard
FN:18,(anonymous_1)
FNF:2
FNH:2
FNDA:1,ProjectCard
FNDA:2,(anonymous_1)
DA:6,1
DA:8,1
DA:19,2
LF:3
LH:3
BRDA:10,0,0,1
BRDA:10,0,1,0
BRDA:22,1,0,2
BRDA:22,1,1,0
BRDA:33,2,0,1
BRDA:33,2,1,1
BRDA:43,3,0,1
BRDA:43,3,1,1
BRF:8
BRH:6
end_of_record
TN:
SF:src\context\ThemeContext.jsx
FN:5,ThemeProvider
FN:10,(anonymous_1)
FN:22,(anonymous_2)
FN:31,(anonymous_3)
FN:32,(anonymous_4)
FN:47,useTheme
FNF:6
FNH:6
FNDA:6,ThemeProvider
FNDA:4,(anonymous_1)
FNDA:6,(anonymous_2)
FNDA:1,(anonymous_3)
FNDA:1,(anonymous_4)
FNDA:6,useTheme
DA:3,3
DA:7,6
DA:10,6
DA:11,4
DA:12,0
DA:15,4
DA:16,4
DA:17,1
DA:22,6
DA:23,6
DA:24,0
DA:27,6
DA:28,6
DA:31,6
DA:32,1
DA:35,6
DA:41,6
DA:48,6
DA:49,6
DA:50,0
DA:52,6
LF:21
LH:18
BRDA:11,0,0,0
BRDA:11,0,1,4
BRDA:16,1,0,1
BRDA:16,1,1,3
BRDA:16,2,0,4
BRDA:16,2,1,3
BRDA:23,3,0,0
BRDA:23,3,1,6
BRDA:32,4,0,1
BRDA:32,4,1,0
BRDA:49,5,0,0
BRDA:49,5,1,6
BRF:12
BRH:8
end_of_record
TN:
SF:src\utils\styles.js
FN:6,focusClasses
FN:15,themeFocusClasses
FNF:2
FNH:2
FNDA:25,focusClasses
FNDA:6,themeFocusClasses
DA:7,25
DA:16,6
LF:2
LH:2
BRDA:6,0,0,18
BRDA:16,1,0,4
BRDA:16,1,1,2
BRF:3
BRH:3
end_of_record
